<?xml version="1.0" encoding="UTF-8"?>
<!-- Generated by org.testng.reporters.JUnitReportReporter -->
<testsuite skipped="0" hostname="Pinku-PC" name="utils.BrowserType" tests="1" failures="0" timestamp="31 Jan 2019 17:35:09 GMT" time="0.757" errors="0">
  <testcase name="getBrowserTypeFromExcel" time="0.757" classname="utils.BrowserType"/>
</testsuite> <!-- utils.BrowserType -->
