<?xml version="1.0" encoding="UTF-8"?>
<!-- Generated by org.testng.reporters.JUnitReportReporter -->
<testsuite skipped="0" hostname="Pinku-PC" name="tests.VerifyBrokenImagesPage" tests="1" failures="0" timestamp="31 Jan 2019 18:52:07 GMT" time="2.144" errors="0">
  <testcase name="verifyIfImagesAreBroken" time="2.144" classname="tests.VerifyBrokenImagesPage"/>
</testsuite> <!-- tests.VerifyBrokenImagesPage -->
