<?xml version="1.0" encoding="UTF-8"?>
<!-- Generated by org.testng.reporters.JUnitReportReporter -->
<testsuite skipped="0" hostname="Pinku-PC" name="tests.VerifyCheckboxesPage" tests="3" failures="0" timestamp="16 Jan 2019 08:10:25 GMT" time="5.023" errors="0">
  <testcase name="verifyCheckboxesPageHeader" time="2.016" classname="tests.VerifyCheckboxesPage"/>
  <testcase name="verifyStateOfCheckboxes" time="1.451" classname="tests.VerifyCheckboxesPage"/>
  <testcase name="verifyCountOfCheckboxes" time="1.556" classname="tests.VerifyCheckboxesPage"/>
</testsuite> <!-- tests.VerifyCheckboxesPage -->
