<?xml version="1.0" encoding="UTF-8"?>
<!-- Generated by org.testng.reporters.JUnitReportReporter -->
<testsuite skipped="0" hostname="Pinku-PC" name="tests.VerifyABTestingPage" tests="2" failures="0" timestamp="31 Jan 2019 18:26:27 GMT" time="9.460" errors="0">
  <testcase name="verifyABTestingPageHeader" time="1.720" classname="tests.VerifyABTestingPage"/>
  <testcase name="verifyABTestingPageBody" time="7.740" classname="tests.VerifyABTestingPage"/>
</testsuite> <!-- tests.VerifyABTestingPage -->
