<?xml version="1.0" encoding="UTF-8"?>
<!-- Generated by org.testng.reporters.JUnitReportReporter -->
<testsuite skipped="0" hostname="Pinku-PC" name="tests.VerifyChallengingDOMPage" tests="1" failures="0" timestamp="16 Jan 2019 08:06:58 GMT" time="2.717" errors="0">
  <testcase name="verifyPresenceOfThreeButtons" time="2.717" classname="tests.VerifyChallengingDOMPage"/>
</testsuite> <!-- tests.VerifyChallengingDOMPage -->
